<html>
<head>
<title>TestNG:  Different testng Feature Test</title>
<link href="../testng.css" rel="stylesheet" type="text/css" />
<link href="../my-testng.css" rel="stylesheet" type="text/css" />

<style type="text/css">
.log { display: none;} 
.stack-trace { display: none;} 
</style>
<script type="text/javascript">
<!--
function flip(e) {
  current = e.style.display;
  if (current == 'block') {
    e.style.display = 'none';
    return 0;
  }
  else {
    e.style.display = 'block';
    return 1;
  }
}

function toggleBox(szDivId, elem, msg1, msg2)
{
  var res = -1;  if (document.getElementById) {
    res = flip(document.getElementById(szDivId));
  }
  else if (document.all) {
    // this is the way old msie versions work
    res = flip(document.all[szDivId]);
  }
  if(elem) {
    if(res == 0) elem.innerHTML = msg1; else elem.innerHTML = msg2;
  }

}

function toggleAllBoxes() {
  if (document.getElementsByTagName) {
    d = document.getElementsByTagName('div');
    for (i = 0; i < d.length; i++) {
      if (d[i].className == 'log') {
        flip(d[i]);
      }
    }
  }
}

// -->
</script>

</head>
<body>
<h2 align='center'>Different testng Feature Test</h2><table border='1' align="center">
<tr>
<td>Tests passed/Failed/Skipped:</td><td>23/1/0</td>
</tr><tr>
<td>Started on:</td><td>Tue Mar 23 11:38:45 IST 2021</td>
</tr>
<tr><td>Total time:</td><td>33 seconds (33338 ms)</td>
</tr><tr>
<td>Included groups:</td><td></td>
</tr><tr>
<td>Excluded groups:</td><td></td>
</tr>
</table><p/>
<small><i>(Hover the method name to see the test class name)</i></small><p/>
<table width='100%' border='1' class='invocation-failed'>
<tr><td colspan='4' align='center'><b>FAILED TESTS</b></td></tr>
<tr><td><b>Test method</b></td>
<td width="30%"><b>Exception</b></td>
<td width="10%"><b>Time (seconds)</b></td>
<td><b>Instance</b></td>
</tr>
<tr>
<td title='com.test.ExceptionTimeOutTest.infintLoopTest()'><b>infintLoopTest</b><br>Test class: com.test.ExceptionTimeOutTest</td>
<td><div><pre>org.testng.internal.thread.ThreadTimeoutException: Method com.test.ExceptionTimeOutTest.infintLoopTest() didn&apos;t finish within the time-out 1000
	at java.util.ArrayList.forEach(ArrayList.java:1259)
... Removed 24 stack frames</pre></div><a href='#' onClick='toggleBox("stack-trace873309260", this, "Click to show all stack frames", "Click to hide stack frames")'>Click to show all stack frames</a>
<div class='stack-trace' id='stack-trace873309260'><pre>org.testng.internal.thread.ThreadTimeoutException: Method com.test.ExceptionTimeOutTest.infintLoopTest() didn&apos;t finish within the time-out 1000
	at org.testng.internal.MethodInvocationHelper.invokeWithTimeoutWithNewExecutor(MethodInvocationHelper.java:371)
	at org.testng.internal.MethodInvocationHelper.invokeWithTimeout(MethodInvocationHelper.java:282)
	at org.testng.internal.TestInvoker.invokeMethod(TestInvoker.java:605)
	at org.testng.internal.TestInvoker.invokeTestMethod(TestInvoker.java:174)
	at org.testng.internal.MethodRunner.runInSequence(MethodRunner.java:46)
	at org.testng.internal.TestInvoker$MethodInvocationAgent.invoke(TestInvoker.java:822)
	at org.testng.internal.TestInvoker.invokeTestMethods(TestInvoker.java:147)
	at org.testng.internal.TestMethodWorker.invokeTestMethods(TestMethodWorker.java:146)
	at org.testng.internal.TestMethodWorker.run(TestMethodWorker.java:128)
	at java.util.ArrayList.forEach(ArrayList.java:1259)
	at org.testng.TestRunner.privateRun(TestRunner.java:764)
	at org.testng.TestRunner.run(TestRunner.java:585)
	at org.testng.SuiteRunner.runTest(SuiteRunner.java:384)
	at org.testng.SuiteRunner.runSequentially(SuiteRunner.java:378)
	at org.testng.SuiteRunner.privateRun(SuiteRunner.java:337)
	at org.testng.SuiteRunner.run(SuiteRunner.java:286)
	at org.testng.SuiteRunnerWorker.runSuite(SuiteRunnerWorker.java:53)
	at org.testng.SuiteRunnerWorker.run(SuiteRunnerWorker.java:96)
	at org.testng.TestNG.runSuitesSequentially(TestNG.java:1218)
	at org.testng.TestNG.runSuitesLocally(TestNG.java:1140)
	at org.testng.TestNG.runSuites(TestNG.java:1069)
	at org.testng.TestNG.run(TestNG.java:1037)
	at org.testng.remote.AbstractRemoteTestNG.run(AbstractRemoteTestNG.java:115)
	at org.testng.remote.RemoteTestNG.initAndRun(RemoteTestNG.java:251)
	at org.testng.remote.RemoteTestNG.main(RemoteTestNG.java:77)
</pre></div></td>
<td>1</td>
<td>com.test.ExceptionTimeOutTest@5d76b067</td></tr>
</table><p>
<table width='100%' border='1' class='invocation-passed'>
<tr><td colspan='4' align='center'><b>PASSED TESTS</b></td></tr>
<tr><td><b>Test method</b></td>
<td width="30%"><b>Exception</b></td>
<td width="10%"><b>Time (seconds)</b></td>
<td><b>Instance</b></td>
</tr>
<tr>
<td title='com.test.GoogleTest.googleLogoTest()'><b>googleLogoTest</b><br>Test class: com.test.GoogleTest</td>
<td></td>
<td>0</td>
<td>com.test.GoogleTest@6c49835d</td></tr>
<tr>
<td title='com.test.TestNgBasics.googleLogoTest()'><b>googleLogoTest</b><br>Test class: com.test.TestNgBasics</td>
<td></td>
<td>0</td>
<td>com.test.TestNgBasics@5a8806ef</td></tr>
<tr>
<td title='com.test.GoogleTitleTest.googleLogoTest()'><b>googleLogoTest</b><br>Test class: com.test.GoogleTitleTest</td>
<td></td>
<td>0</td>
<td>com.test.GoogleTitleTest@67205a84</td></tr>
<tr>
<td title='com.test.GoogleTest.googleTitleTest()'><b>googleTitleTest</b><br>Test class: com.test.GoogleTest</td>
<td></td>
<td>0</td>
<td>com.test.GoogleTest@6c49835d</td></tr>
<tr>
<td title='com.test.TestNgBasics.googleTitleTest()'><b>googleTitleTest</b><br>Test class: com.test.TestNgBasics</td>
<td></td>
<td>0</td>
<td>com.test.TestNgBasics@5a8806ef</td></tr>
<tr>
<td title='com.test.GoogleTitleTest.googleTitleTest()'><b>googleTitleTest</b><br>Test class: com.test.GoogleTitleTest</td>
<td></td>
<td>0</td>
<td>com.test.GoogleTitleTest@67205a84</td></tr>
<tr>
<td title='com.test.TestNgFeatures.homePageTest()'><b>homePageTest</b><br>Test class: com.test.TestNgFeatures</td>
<td></td>
<td>0</td>
<td>com.test.TestNgFeatures@5e853265</td></tr>
<tr>
<td title='com.test.TestNgFeatures.loginTest()'><b>loginTest</b><br>Test class: com.test.TestNgFeatures</td>
<td></td>
<td>0</td>
<td>com.test.TestNgFeatures@5e853265</td></tr>
<tr>
<td title='com.test.GoogleTest.mailLinkTest()'><b>mailLinkTest</b><br>Test class: com.test.GoogleTest</td>
<td></td>
<td>0</td>
<td>com.test.GoogleTest@6c49835d</td></tr>
<tr>
<td title='com.test.TestNgFeatures.regPageTest()'><b>regPageTest</b><br>Test class: com.test.TestNgFeatures</td>
<td></td>
<td>0</td>
<td>com.test.TestNgFeatures@5e853265</td></tr>
<tr>
<td title='com.test.TestNgFeatures.searchPageTest()'><b>searchPageTest</b><br>Test class: com.test.TestNgFeatures</td>
<td></td>
<td>0</td>
<td>com.test.TestNgFeatures@5e853265</td></tr>
<tr>
<td title='com.test.TestNgBasics.searchTest()'><b>searchTest</b><br>Test class: com.test.TestNgBasics</td>
<td></td>
<td>0</td>
<td>com.test.TestNgBasics@5a8806ef</td></tr>
<tr>
<td title='com.test.InvocationCountTest.sum()'><b>sum</b><br>Test class: com.test.InvocationCountTest</td>
<td></td>
<td>0</td>
<td>com.test.InvocationCountTest@7d0587f1</td></tr>
<tr>
<td title='com.test.InvocationCountTest.sum()'><b>sum</b><br>Test class: com.test.InvocationCountTest</td>
<td></td>
<td>0</td>
<td>com.test.InvocationCountTest@7d0587f1</td></tr>
<tr>
<td title='com.test.InvocationCountTest.sum()'><b>sum</b><br>Test class: com.test.InvocationCountTest</td>
<td></td>
<td>0</td>
<td>com.test.InvocationCountTest@7d0587f1</td></tr>
<tr>
<td title='com.test.InvocationCountTest.sum()'><b>sum</b><br>Test class: com.test.InvocationCountTest</td>
<td></td>
<td>0</td>
<td>com.test.InvocationCountTest@7d0587f1</td></tr>
<tr>
<td title='com.test.InvocationCountTest.sum()'><b>sum</b><br>Test class: com.test.InvocationCountTest</td>
<td></td>
<td>0</td>
<td>com.test.InvocationCountTest@7d0587f1</td></tr>
<tr>
<td title='com.test.InvocationCountTest.sum()'><b>sum</b><br>Test class: com.test.InvocationCountTest</td>
<td></td>
<td>0</td>
<td>com.test.InvocationCountTest@7d0587f1</td></tr>
<tr>
<td title='com.test.InvocationCountTest.sum()'><b>sum</b><br>Test class: com.test.InvocationCountTest</td>
<td></td>
<td>0</td>
<td>com.test.InvocationCountTest@7d0587f1</td></tr>
<tr>
<td title='com.test.InvocationCountTest.sum()'><b>sum</b><br>Test class: com.test.InvocationCountTest</td>
<td></td>
<td>0</td>
<td>com.test.InvocationCountTest@7d0587f1</td></tr>
<tr>
<td title='com.test.InvocationCountTest.sum()'><b>sum</b><br>Test class: com.test.InvocationCountTest</td>
<td></td>
<td>0</td>
<td>com.test.InvocationCountTest@7d0587f1</td></tr>
<tr>
<td title='com.test.InvocationCountTest.sum()'><b>sum</b><br>Test class: com.test.InvocationCountTest</td>
<td></td>
<td>0</td>
<td>com.test.InvocationCountTest@7d0587f1</td></tr>
<tr>
<td title='com.test.ExceptionTimeOutTest.test1()'><b>test1</b><br>Test class: com.test.ExceptionTimeOutTest</td>
<td><div><pre>java.lang.NumberFormatException: For input string: &quot;100A&quot;
	at java.lang.NumberFormatException.forInputString(NumberFormatException.java:65)
	at java.lang.Integer.parseInt(Integer.java:580)
	at java.lang.Integer.parseInt(Integer.java:615)
	at com.test.ExceptionTimeOutTest.test1(ExceptionTimeOutTest.java:18)
	at java.util.ArrayList.forEach(ArrayList.java:1259)
... Removed 27 stack frames</pre></div><a href='#' onClick='toggleBox("stack-trace923083575", this, "Click to show all stack frames", "Click to hide stack frames")'>Click to show all stack frames</a>
<div class='stack-trace' id='stack-trace923083575'><pre>java.lang.NumberFormatException: For input string: &quot;100A&quot;
	at java.lang.NumberFormatException.forInputString(NumberFormatException.java:65)
	at java.lang.Integer.parseInt(Integer.java:580)
	at java.lang.Integer.parseInt(Integer.java:615)
	at com.test.ExceptionTimeOutTest.test1(ExceptionTimeOutTest.java:18)
	at sun.reflect.NativeMethodAccessorImpl.invoke0(Native Method)
	at sun.reflect.NativeMethodAccessorImpl.invoke(NativeMethodAccessorImpl.java:62)
	at sun.reflect.DelegatingMethodAccessorImpl.invoke(DelegatingMethodAccessorImpl.java:43)
	at java.lang.reflect.Method.invoke(Method.java:498)
	at org.testng.internal.MethodInvocationHelper.invokeMethod(MethodInvocationHelper.java:132)
	at org.testng.internal.TestInvoker.invokeMethod(TestInvoker.java:599)
	at org.testng.internal.TestInvoker.invokeTestMethod(TestInvoker.java:174)
	at org.testng.internal.MethodRunner.runInSequence(MethodRunner.java:46)
	at org.testng.internal.TestInvoker$MethodInvocationAgent.invoke(TestInvoker.java:822)
	at org.testng.internal.TestInvoker.invokeTestMethods(TestInvoker.java:147)
	at org.testng.internal.TestMethodWorker.invokeTestMethods(TestMethodWorker.java:146)
	at org.testng.internal.TestMethodWorker.run(TestMethodWorker.java:128)
	at java.util.ArrayList.forEach(ArrayList.java:1259)
	at org.testng.TestRunner.privateRun(TestRunner.java:764)
	at org.testng.TestRunner.run(TestRunner.java:585)
	at org.testng.SuiteRunner.runTest(SuiteRunner.java:384)
	at org.testng.SuiteRunner.runSequentially(SuiteRunner.java:378)
	at org.testng.SuiteRunner.privateRun(SuiteRunner.java:337)
	at org.testng.SuiteRunner.run(SuiteRunner.java:286)
	at org.testng.SuiteRunnerWorker.runSuite(SuiteRunnerWorker.java:53)
	at org.testng.SuiteRunnerWorker.run(SuiteRunnerWorker.java:96)
	at org.testng.TestNG.runSuitesSequentially(TestNG.java:1218)
	at org.testng.TestNG.runSuitesLocally(TestNG.java:1140)
	at org.testng.TestNG.runSuites(TestNG.java:1069)
	at org.testng.TestNG.run(TestNG.java:1037)
	at org.testng.remote.AbstractRemoteTestNG.run(AbstractRemoteTestNG.java:115)
	at org.testng.remote.RemoteTestNG.initAndRun(RemoteTestNG.java:251)
	at org.testng.remote.RemoteTestNG.main(RemoteTestNG.java:77)
</pre></div></td>
<td>0</td>
<td>com.test.ExceptionTimeOutTest@5d76b067</td></tr>
</table><p>
</body>
</html>