<?xml version="1.0" encoding="UTF-8"?>
<!-- Generated by org.testng.reporters.JUnitXMLReporter -->
<testsuite hostname="md2aa09c" ignored="0" name="Different testng Feature Test" tests="24" failures="1" timestamp="2021-03-23T11:39:18 IST" time="33.338" errors="0">
  <testcase name="googleLogoTest" time="0.092" classname="com.test.GoogleTest"/>
  <testcase name="googleTitleTest" time="0.01" classname="com.test.GoogleTest"/>
  <testcase name="mailLinkTest" time="0.052" classname="com.test.GoogleTest"/>
  <testcase name="googleLogoTest" time="0.004" classname="com.test.TestNgBasics"/>
  <testcase name="googleTitleTest" time="0.005" classname="com.test.TestNgBasics"/>
  <testcase name="searchTest" time="0.009" classname="com.test.TestNgBasics"/>
  <testcase name="loginTest" time="0.005" classname="com.test.TestNgFeatures"/>
  <testcase name="homePageTest" time="0.004" classname="com.test.TestNgFeatures"/>
  <testcase name="regPageTest" time="0.004" classname="com.test.TestNgFeatures"/>
  <testcase name="searchPageTest" time="0.004" classname="com.test.TestNgFeatures"/>
  <testcase name="googleLogoTest" time="0.052" classname="com.test.GoogleTitleTest"/>
  <testcase name="googleTitleTest" time="0.01" classname="com.test.GoogleTitleTest"/>
  <testcase name="sum" time="0.004" classname="com.test.InvocationCountTest"/>
  <testcase name="sum" time="0.003" classname="com.test.InvocationCountTest"/>
  <testcase name="sum" time="0.004" classname="com.test.InvocationCountTest"/>
  <testcase name="sum" time="0.002" classname="com.test.InvocationCountTest"/>
  <testcase name="sum" time="0.005" classname="com.test.InvocationCountTest"/>
  <testcase name="sum" time="0.003" classname="com.test.InvocationCountTest"/>
  <testcase name="sum" time="0.004" classname="com.test.InvocationCountTest"/>
  <testcase name="sum" time="0.002" classname="com.test.InvocationCountTest"/>
  <testcase name="sum" time="0.003" classname="com.test.InvocationCountTest"/>
  <testcase name="sum" time="0.004" classname="com.test.InvocationCountTest"/>
  <testcase name="infintLoopTest" time="1.039" classname="com.test.ExceptionTimeOutTest">
    <failure type="org.testng.internal.thread.ThreadTimeoutException" message="Method com.test.ExceptionTimeOutTest.infintLoopTest() didn&amp;apos;t finish within the time-out 1000">
      <![CDATA[org.testng.internal.thread.ThreadTimeoutException: Method com.test.ExceptionTimeOutTest.infintLoopTest() didn't finish within the time-out 1000
at java.util.ArrayList.forEach(ArrayList.java:1259)
... Removed 24 stack frames]]>
    </failure>
  </testcase> <!-- infintLoopTest -->
  <testcase name="test1" time="0.004" classname="com.test.ExceptionTimeOutTest"/>
</testsuite> <!-- Different testng Feature Test -->
